6:5): apparmor="STATUS" operation="profile_load" profile="unconfined" name="QtWebEngineProcess" pid=505 comm="apparmor_parser"
[    6.103522] audit: type=1400 audit(1767535535.740:6): apparmor="STATUS" operation="profile_load" profile="unconfined" name="balena-etcher" pid=507 comm="apparmor_parser"
[    6.115419] audit: type=1400 audit(1767535535.740:7): apparmor="STATUS" operation="profile_load" profile="unconfined" name="brave" pid=508 comm="apparmor_parser"
[    6.127449] audit: type=1400 audit(1767535535.744:8): apparmor="STATUS" operation="profile_load" profile="unconfined" name="buildah" pid=509 comm="apparmor_parser"
[    6.139517] audit: type=1400 audit(1767535535.756:9): apparmor="STATUS" operation="profile_load" profile="unconfined" name="busybox" pid=510 comm="apparmor_parser"
[    6.151392] audit: type=1400 audit(1767535535.760:10): apparmor="STATUS" operation="profile_load" profile="unconfined" name="cam" pid=511 comm="apparmor_parser"
[    6.164930] audit: type=1400 audit(1767535535.828:11): apparmor="STATUS" operation="profile_load" profile="unconfined" name="ch-checkns" pid=512 comm="apparmor_parser"
[[0;32m  OK  [0m] Finished [0;1;39msystemd-machine-id-commitâ¦[0m Save Transient machine-id to Disk.

[[0;32m  OK  [0m] Started [0;1;39mcloud-init-main.service[0m - Cloud-init: Single Process.

         Starting [0;1;39mcloud-init-local.service[0m â¦-init: Local Stage (pre-network)...

[    5.959183] cloud-init[606]: Cloud-init v. 25.1.4 running 'init-local' at Sun, 04 Jan 2026 14:05:36 +0000. Up 5.92 seconds.
[[0;32m  OK  [0m] Finished [0;1;39mapparmor.service[0m - Load AppArmor profiles.

[    6.811707] 8021q: 802.1Q VLAN Support v1.8
[[0;32m  OK  [0m] Finished [0;1;39mldconfig.service[0m - Rebuild Dynamic Linker Cache.

         Starting [0;1;39msystemd-update-done.service[0m - Update is Completed...

[[0;32m  OK  [0m] Finished [0;1;39msystemd-update-done.service[0m - Update is Completed.

[   14.406016] sh[602]: Completed socket interaction for boot stage local
[[0;32m  OK  [0m] Finished [0;1;39mcloud-init-local.service[0m â¦ud-init: Local Stage (pre-network).

[[0;32m  OK  [0m] Reached target [0;1;39mnetwork-pre.target[0m - Preparation for Network.

         Starting [0;1;39msystemd-networkd.service[0m - Network Configuration...

[[0;32m  OK  [0m] Started [0;1;39msystemd-networkd.service[0m - Network Configuration.

[[0;32m  OK  [0m] Reached target [0;1;39mnetwork.target[0m - Network.

         Starting [0;1;39msystemd-networkd-persisteâ¦[0mtent Storage in systemd-networkd...

         Starting [0;1;39msystemd-networkd-wait-onlâ¦[0mait for Network to be Configured...

[[0;32m  OK  [0m] Finished [0;1;39msystemd-networkd-persisteâ¦[0mistent Storage in systemd-networkd.

[[0;32m  OK  [0m] Finished [0;1;39msystemd-networkd-wait-onlâ¦[0m Wait for Network to be Configured.

         Starting [0;1;39mcloud-init-network.service[0m - Cloud-init: Network Stage...

[   16.092372] cloud-init[606]: Cloud-init v. 25.1.4 running 'init' at Sun, 04 Jan 2026 14:05:46 +0000. Up 16.08 seconds.
[   16.101790] cloud-init[606]: ci-info: ++++++++++++++++++++++++++++++++++++++Net device info++++++++++++++++++++++++++++++++++++++
[   16.103964] cloud-init[606]: ci-info: +--------+------+----------------------------+---------------+--------+-------------------+
[   16.106062] cloud-init[606]: ci-info: | Device |  Up  |          Address           |      Mask     | Scope  |     Hw-Address    |
[   16.108282] cloud-init[606]: ci-info: +--------+------+----------------------------+---------------+--------+-------------------+
[   16.110308] cloud-init[606]: ci-info: |  ens5  | True |        172.31.8.16         | 255.255.240.0 | global | 02:6f:91:1f:86:4f |
[   16.112432] cloud-init[606]: ci-info: |  ens5  | True | fe80::6f:91ff:fe1f:864f/64 |       .       |  link  | 02:6f:91:1f:86:4f |
[   16.114487] cloud-init[606]: ci-info: |   lo   | True |         127.0.0.1          |   255.0.0.0   |  host  |         .         |
[   16.116694] cloud-init[606]: ci-info: |   lo   | True |          ::1/128           |       .       |  host  |         .         |
[   16.118809] cloud-init[606]: ci-info: +--------+------+----------------------------+---------------+--------+-------------------+
[   16.120929] cloud-init[606]: ci-info: +++++++++++++++++++++++++++++Route IPv4 info++++++++++++++++++++++++++++++
[   16.122803] cloud-init[606]: ci-info: +-------+-------------+------------+-----------------+-----------+-------+
[   16.124569] cloud-init[606]: ci-info: | Route | Destination |  Gateway   |     Genmask     | Interface | Flags |
[   16.126411] cloud-init[606]: ci-info: +-------+-------------+------------+-----------------+-----------+-------+
[   16.128234] cloud-init[606]: ci-info: |   0   |   0.0.0.0   | 172.31.0.1 |     0.0.0.0     |    ens5   |   UG  |
[   16.130004] cloud-init[606]: ci-info: |   1   |  172.31.0.0 |  0.0.0.0   |  255.255.240.0  |    ens5   |   U   |
[   16.131849] cloud-init[606]: ci-info: |   2   |  172.31.0.1 |  0.0.0.0   | 255.255.255.255 |    ens5   |   UH  |
[   16.133680] cloud-init[606]: ci-info: |   3   |  172.31.0.2 |  0.0.0.0   | 255.255.255.255 |    ens5   |   UH  |
[   16.135507] cloud-init[606]: ci-info: +-------+-------------+------------+-----------------+-----------+-------+
[   16.137435] cloud-init[606]: ci-info: +++++++++++++++++++Route IPv6 info+++++++++++++++++++
[   16.138961] cloud-init[606]: ci-info: +-------+-------------+---------+-----------+-------+
[   16.140493] cloud-init[606]: ci-info: | Route | Destination | Gateway | Interface | Flags |
[   16.141979] cloud-init[606]: ci-info: +-------+-------------+---------+-----------+-------+
[   16.143445] cloud-init[606]: ci-info: |   0   |  fe80::/64  |    ::   |    ens5   |   U   |
[   16.145025] cloud-init[606]: ci-info: |   2   |    local    |    ::   |    ens5   |   U   |
[   16.146536] cloud-init[606]: ci-info: |   3   |  multicast  |    ::   |    ens5   |   U   |
[   16.148118] cloud-init[606]: ci-info: +-------+-------------+---------+-----------+-------+
[   16.666156] sh[696]: Completed socket interaction for boot stage network
[[0;32m  OK  [0m] Finished [0;1;39mcloud-init-network.service[0m - Cloud-init: Network Stage.

[[0;32m  OK  [0m] Reached target [0;1;39mcloud-config.target[0m - Cloud-config availability.

[[0;32m  OK  [0m] Reached target [0;1;39mnetwork-online.target[0m - Network is Online.

[[0;32m  OK  [0m] Reached target [0;1;39msysinit.target[0m - System Initialization.

[[0;32m  OK  [0m] Started [0;1;39mapt-daily.timer[0m - Daily apt download activities.

[[0;32m  OK  [0m] Started [0;1;39mapt-daily-upgrade.timer[0m - â¦y apt upgrade and clean activities.

[[0;32m  OK  [0m] Started [0;1;39mapt-listchanges.timer[0m - Trâ¦e apt-listchanges database for APT.

[[0;32m  OK  [0m] Started [0;1;39mdpkg-db-backup.timer[0m - Daily dpkg database backup timer.

[[0;32m  OK  [0m] Started [0;1;39me2scrub_all.timer[0m - Periodâ¦Metadata Check for All Filesystems.

[[0;32m  OK  [0m] Started [0;1;39mfstrim.timer[0m - Discard unused filesystem blocks once a week.

[[0;32m  OK  [0m] Started [0;1;39mman-db.timer[0m - Daily man-db regeneration.

[[0;32m  OK  [0m] Started [0;1;39msystemd-tmpfiles-clean.timâ¦[0my Cleanup of Temporary Directories.

[[0;32m  OK  [0m] Reached target [0;1;39mtimers.target[0m - Timer Units.

[[0;32m  OK  [0m] Listening on [0;1;39mcloud-init-hotplugd.sâ¦t[0m - cloud-init hotplug hook socket.

[[0;32m  OK  [0m] Listening on [0;1;39mdbus.socket[0m - D-Bus System Message Bus Socket.

[[0;32m  OK  [0m] Listening on [0;1;39msshd-unix-local.sockeâ¦[0mtemd-ssh-generator, AF_UNIX Local).

[[0;32m  OK  [0m] Listening on [0;1;39msshd-vsock.socket[0m - Oâ¦ (systemd-ssh-generator, AF_VSOCK).

[[0;32m  OK  [0m] Reached target [0;1;39mssh-access.target[0m - SSH Access Available.

[[0;32m  OK  [0m] Listening on [0;1;39msystemd-hostnamed.socket[0m - Hostname Service Socket.

[[0;32m  OK  [0m] Listening on [0;1;39muuidd.socket[0m - UUID daemon activation socket.

[[0;32m  OK  [0m] Reached target [0;1;39msockets.target[0m - Socket Units.

[[0;32m  OK  [0m] Reached target [0;1;39mbasic.target[0m - Basic System.

         Starting [0;1;39mcloud-config.service[0m - Cloud-init: Config Stage...

         Starting [0;1;39mdbus.service[0m - D-Bus System Message Bus...

         Starting [0;1;39me2scrub_reap.service[0m - Reâ¦ne ext4 Metadata Check Snapshots...

         Starting [0;1;39mgrub-common.service[0m - Record successful boot for GRUB...

         Starting [0;1;39mssh.service[0m - OpenBSD Secure Shell server...

         Starting [0;1;39msystemd-logind.service[0m - User Login Management...

         Starting [0;1;39msystemd-user-sessions.service[0m - Permit User Sessions...

[[0;32m  OK  [0m] Started [0;1;39mdbus.service[0m - D-Bus System Message Bus.

[   16.819366] cloud-init[606]: Cloud-init v. 25.1.4 running 'modules:config' at Sun, 04 Jan 2026 14:05:47 +0000. Up 16.75 seconds.
[[0;32m  OK  [0m] Finished [0;1;39me2scrub_reap.service[0m - Reâ¦line ext4 Metadata Check Snapshots.

         Starting [0;1;39msystemd-hostnamed.service[0m - Hostname Service...

[[0;32m  OK  [0m] Started [0;1;39msystemd-logind.service[0m - User Login Management.

[[0;32m  OK  [0m] Finished [0;1;39msystemd-user-sessions.service[0m - Permit User Sessions.

[[0;32m  OK  [0m] Started [0;1;39mgetty@tty1.service[0m - Getty on tty1.

[[0;32m  OK  [0m] Started [0;1;39mserial-getty@ttyS0.service[0m - Serial Getty on ttyS0.

[[0;32m  OK  [0m] Reached target [0;1;39mgetty.target[0m - Login Prompts.

[[0;32m  OK  [0m] Started [0;1;39munattended-upgrades.service[0m - Unattended Upgrades Shutdown.

[[0;32m  OK  [0m] Finished [0;1;39mgrub-common.service[0m - Record successful boot for GRUB.

[   16.932164] sh[748]: Completed socket interaction for boot stage config
[[0;32m  OK  [0m] Finished [0;1;39mcloud-config.service[0m - Cloud-init: Config Stage.

[[0;32m  OK  [0m] Started [0;1;39msystemd-hostnamed.service[0m - Hostname Service.

[[0;32m  OK  [0m] Started [0;1;39mssh.service[0m - OpenBSD Secure Shell server.

[[0;32m  OK  [0m] Reached target [0;1;39mmulti-user.target[0m - Multi-User System.

[[0;32m  OK  [0m] Reached target [0;1;39mgraphical.target[0m - Graphical Interface.

         Starting [0;1;39mcloud-final.service[0m - Cloud-init: Final Stage...

         Starting [0;1;39mpolkit.service[0m - Authorization Manager...

[   17.038379] cloud-init[606]: Cloud-init v. 25.1.4 running 'modules:final' at Sun, 04 Jan 2026 14:05:47 +0000. Up 17.01 seconds.
[   17.070822] cloud-init[606]: #!/bin/bash -v
[   17.071867] cloud-init[606]: apt update -y -q
[[0;32m  OK  [0m] Started [0;1;39mpolkit.service[0m - Authorization Manager.

[   17.101370] cloud-init[606]: WARNING: apt does not have a stable CLI interface. Use with caution in scripts.
[   17.138112] cloud-init[606]: Get:1 file:/etc/apt/mirrors/debian.list Mirrorlist [38 B]
[   17.139601] cloud-init[606]: Get:2 file:/etc/apt/mirrors/debian-security.list Mirrorlist [47 B]
[   17.200945] cloud-init[606]: Get:3 https://cdn-aws.deb.debian.org/debian trixie InRelease [140 kB]
[   17.222664] cloud-init[606]: Get:4 https://cdn-aws.deb.debian.org/debian trixie-updates InRelease [47.3 kB]
[   17.264091] cloud-init[606]: Get:5 https://cdn-aws.deb.debian.org/debian trixie-backports InRelease [54.0 kB]
[   17.275002] cloud-init[606]: Get:6 https://cdn-aws.deb.debian.org/debian-security trixie-security InRelease [43.4 kB]
[   17.281597] cloud-init[606]: Get:7 https://cdn-aws.deb.debian.org/debian trixie/main Sources [10.5 MB]
[   17.387021] cloud-init[606]: Get:8 https://cdn-aws.deb.debian.org/debian trixie/main amd64 Packages [9670 kB]
[   17.443508] cloud-init[606]: Get:9 https://cdn-aws.deb.debian.org/debian trixie/main Translation-en [6484 kB]
[   17.492419] cloud-init[606]: Get:10 https://cdn-aws.deb.debian.org/debian trixie-updates/main Sources [2788 B]
[   17.494266] cloud-init[606]: Get:11 https://cdn-aws.deb.debian.org/debian trixie-updates/main amd64 Packages [5412 B]
[   17.496126] cloud-init[606]: Get:12 https://cdn-aws.deb.debian.org/debian trixie-updates/main Translation-en [4096 B]
[   17.497917] cloud-init[606]: Get:13 https://cdn-aws.deb.debian.org/debian trixie-backports/main Sources [122 kB]
[   17.499714] cloud-init[606]: Get:14 https://cdn-aws.deb.debian.org/debian trixie-backports/main amd64 Packages [136 kB]
[   17.501536] cloud-init[606]: Get:15 https://cdn-aws.deb.debian.org/debian trixie-backports/main Translation-en [108 kB]
[   17.503318] cloud-init[606]: Get:16 https://cdn-aws.deb.debian.org/debian-security trixie-security/main Sources [117 kB]
[   17.505136] cloud-init[606]: Get:17 https://cdn-aws.deb.debian.org/debian-security trixie-security/main amd64 Packages [94.0 kB]
[   17.507048] cloud-init[606]: Get:18 https://cdn-aws.deb.debian.org/debian-security trixie-security/main Translation-en [59.1 kB]
[   19.526322] cloud-init[606]: Fetched 27.6 MB in 2s (11.5 MB/s)
[   20.273717] cloud-init[606]: Reading package lists...
[   20.490704] cloud-init[606]: Building dependency tree...
[   20.492095] cloud-init[606]: Reading state information...
[   20.524129] cloud-init[606]: 26 packages can be upgraded. Run 'apt list --upgradable' to see them.
[   20.526702] cloud-init[606]: apt install -y -q apt-transport-https ca-certificates curl gnupg-agent software-properties-common
[   20.532492] cloud-init[606]: WARNING: apt does not have a stable CLI interface. Use with caution in scripts.
[   20.547397] cloud-init[606]: Reading package lists...
[   20.748160] cloud-init[606]: Building dependency tree...
[   20.749268] cloud-init[606]: Reading state information...
[   20.779913] cloud-init[606]: Error: Unable to locate package software-properties-common
[   20.781826] cloud-init[606]: apt install -y -q python3 python3-pip python3-setuptools python3-testtools python3-toolz python3-wheel
[   20.789172] cloud-init[606]: WARNING: apt does not have a stable CLI interface. Use with caution in scripts.
[   20.804082] cloud-init[606]: Reading package lists...
[   21.005558] cloud-init[606]: Building dependency tree...
[   21.006805] cloud-init[606]: Reading state information...
[   21.346445] cloud-init[606]: python3 is already the newest version (3.13.5-1).
[   21.347884] cloud-init[606]: python3 set to manually installed.
[   21.349113] cloud-init[606]: Installing:
[   21.349944] cloud-init[606]:   python3-pip         python3-testtools  python3-wheel
[   21.351285] cloud-init[606]:   python3-setuptools  python3-toolz
[   21.352495] cloud-init[606]: Installing dependencies:
[   21.353482] cloud-init[606]:   binutils                   libisl23
[   21.354568] cloud-init[606]:   binutils-common            libitm1
[   21.355663] cloud-init[606]:   binutils-x86-64-linux-gnu  libjansson4
[   21.356812] cloud-init[606]:   build-essential            libjs-jquery
[   21.357969] cloud-init[606]:   bzip2                      libjs-sphinxdoc
[   21.359135] cloud-init[606]:   cpp                        libjs-underscore
[   21.360376] cloud-init[606]:   cpp-14                     liblocale-gettext-perl
[   21.361656] cloud-init[606]:   cpp-14-x86-64-linux-gnu    liblsan0
[   21.362752] cloud-init[606]:   cpp-x86-64-linux-gnu       libmpc3
[   21.363820] cloud-init[606]:   dpkg-dev                   libmpfr6
[   21.364918] cloud-init[606]:   fakeroot                   libperl5.40
[   21.366020] cloud-init[606]:   g++                        libpython3-dev
[   21.367168] cloud-init[606]:   g++-14                     libpython3.13
[   21.368327] cloud-init[606]:   g++-14-x86-64-linux-gnu    libpython3.13-dev
[   21.369533] cloud-init[606]:   g++-x86-64-linux-gnu       libquadmath0
[   21.370660] cloud-init[606]:   gcc                        libsframe1
[   21.371776] cloud-init[606]:   gcc-14                     libstdc++-14-dev
[   21.372976] cloud-init[606]:   gcc-14-x86-64-linux-gnu    libtsan2
[   21.374073] cloud-init[606]:   gcc-x86-64-linux-gnu       libubsan1
[   21.375172] cloud-init[606]:   javascript-common          linux-libc-dev
[   21.376361] cloud-init[606]:   libalgorithm-diff-perl     make
[   21.377472] cloud-init[606]:   libalgorithm-diff-xs-perl  manpages-dev
[   21.378727] cloud-init[606]:   libalgorithm-merge-perl    patch
[   21.379863] cloud-init[606]:   libasan8                   perl
[   21.381088] cloud-init[606]:   libbinutils                perl-modules-5.40
[   21.382296] cloud-init[606]:   libc-dev-bin               python3-autocommand
[   21.383554] cloud-init[606]:   libc6-dev                  python3-dev
[   21.384730] cloud-init[606]:   libcc1-0                   python3-inflect
[   21.385957] cloud-init[606]:   libcrypt-dev               python3-jaraco.context
[   21.387300] cloud-init[606]:   libctf-nobfd0              python3-jaraco.functools
[   21.388615] cloud-init[606]:   libctf0                    python3-jaraco.text
[   21.389872] cloud-init[606]:   libdpkg-perl               python3-more-itertools
[   21.391167] cloud-init[606]:   libexpat1-dev              python3-packaging
[   21.392369] cloud-init[606]:   libfakeroot                python3-pkg-resources
[   21.393612] cloud-init[606]:   libfile-fcntllock-perl     python3-typeguard
[   21.394793] cloud-init[606]:   libgcc-14-dev              python3-typing-extensions
[   21.396112] cloud-init[606]:   libgdbm-compat4t64         python3.13-dev
[   21.397240] cloud-init[606]:   libgomp1                   rpcsvc-proto
[   21.398336] cloud-init[606]:   libgprofng0                sq
[   21.399315] cloud-init[606]:   libhwasan0                 zlib1g-dev
[   21.400444] cloud-init[606]: Suggested packages:
[   21.401484] cloud-init[606]:   binutils-doc               gdb-x86-64-linux-gnu
[   21.402767] cloud-init[606]:   gprofng-gui                apache2
[   21.403931] cloud-init[606]:   binutils-gold              | lighttpd
[   21.405072] cloud-init[606]:   bzip2-doc                  | httpd
[   21.406156] cloud-init[606]:   cpp-doc                    libc-devtools
[   21.407285] cloud-init[606]:   gcc-14-locales             glibc-doc
[   21.408367] cloud-init[606]:   cpp-14-doc                 git
[   21.409403] cloud-init[606]:   debian-keyring             bzr
[   21.410449] cloud-init[606]:   debian-tag2upload-keyring  libstdc++-14-doc
[   21.411924] cloud-init[606]:   g++-multilib               make-doc
[   21.413033] cloud-init[606]:   g++-14-multilib            ed
[   21.414065] cloud-init[606]:   gcc-14-doc                 diffutils-doc
[   21.415360] cloud-init[606]:   gcc-multilib               perl-doc
[   21.416640] cloud-init[606]:   autoconf                   libterm-readline-gnu-perl
[   21.417953] cloud-init[606]:   automake                   | libterm-readline-perl-perl
[   21.419268] cloud-init[606]:   libtool                    libtap-harness-archive-perl
[   21.420710] cloud-init[606]:   flex                       python-setuptools-doc
[   21.422170] cloud-init[606]:   bison                      python-testtools-doc
[   21.423815] cloud-init[606]:   gdb                        python3-fixtures
[   21.425156] cloud-init[606]:   gcc-doc                    python3-twisted
[   21.426473] cloud-init[606]:   gcc-14-multilib            python-toolz-doc
[   21.441910] cloud-init[606]: Summary:
[   21.442723] cloud-init[606]:   Upgrading: 0, Installing: 85, Removing: 0, Not Upgrading: 26
[   21.444258] cloud-init[606]:   Download size: 102 MB
[   21.445189] cloud-init[606]:   Space needed: 419 MB / 18.9 GB available
[   21.446334] cloud-init[606]: Get:1 file:/etc/apt/mirrors/debian.list Mirrorlist [38 B]
[   21.487135] cloud-init[606]: Get:2 https://cdn-aws.deb.debian.org/debian trixie/main amd64 liblocale-gettext-perl amd64 1.07-7+b1 [15.3 kB]
[   21.493252] cloud-init[606]: Get:3 https://cdn-aws.deb.debian.org/debian trixie/main amd64 bzip2 amd64 1.0.8-6 [40.5 kB]
[   21.495621] cloud-init[606]: Get:4 https://cdn-aws.deb.debian.org/debian trixie/main amd64 perl-modules-5.40 all 5.40.1-6 [3019 kB]
[   21.524360] cloud-init[606]: Get:5 https://cdn-aws.deb.debian.org/debian trixie/main amd64 libgdbm-compat4t64 amd64 1.24-2 [50.3 kB]
[   21.526840] cloud-init[606]: Get:6 https://cdn-aws.deb.debian.org/debian trixie/main amd64 libperl5.40 amd64 5.40.1-6 [4341 kB]
[   21.558110] cloud-init[606]: Get:7 https://cdn-aws.deb.debian.org/debian trixie/main amd64 perl amd64 5.40.1-6 [267 kB]
[   21.560167] cloud-init[606]: Get:8 https://cdn-aws.deb.debian.org/debian trixie/main amd64 libsframe1 amd64 2.44-3 [78.4 kB]
[   21.562380] cloud-init[606]: Get:9 https://cdn-aws.deb.debian.org/debian trixie/main amd64 binutils-common amd64 2.44-3 [2509 kB]
[   21.580295] cloud-init[606]: Get:10 https://cdn-aws.deb.debian.org/debian trixie/main amd64 libbinutils amd64 2.44-3 [534 kB]
[   21.583843] cloud-init[606]: Get:11 https://cdn-aws.deb.debian.org/debian trixie/main amd64 libgprofng0 amd64 2.44-3 [808 kB]
[   21.589448] cloud-init[606]: Get:12 https://cdn-aws.deb.debian.org/debian trixie/main amd64 libctf-nobfd0 amd64 2.44-3 [156 kB]
[   21.591431] cloud-init[606]: Get:13 https://cdn-aws.deb.debian.org/debian trixie/main amd64 libctf0 amd64 2.44-3 [88.6 kB]
[   21.593709] cloud-init[606]: Get:14 https://cdn-aws.deb.debian.org/debian trixie/main amd64 libjansson4 amd64 2.14-2+b3 [39.8 kB]
[   21.595565] cloud-init[606]: Get:15 https://cdn-aws.deb.debian.org/debian trixie/main amd64 binutils-x86-64-linux-gnu amd64 2.44-3 [1014 kB]
[   21.598932] cloud-init[606]: Get:16 https://cdn-aws.deb.debian.org/debian trixie/main amd64 binutils amd64 2.44-3 [265 kB]
[   21.601026] cloud-init[606]: Get:17 https://cdn-aws.deb.debian.org/debian trixie/main amd64 libc-dev-bin amd64 2.41-12 [58.2 kB]
[   21.602966] cloud-init[606]: Get:18 https://cdn-aws.deb.debian.org/debian trixie/main amd64 linux-libc-dev all 6.12.57-1 [2692 kB]
[   21.619389] cloud-init[606]: Get:19 https://cdn-aws.deb.debian.org/debian trixie/main amd64 libcrypt-dev amd64 1:4.4.38-1 [119 kB]
[   21.621540] cloud-init[606]: Get:20 https://cdn-aws.deb.debian.org/debian trixie/main amd64 rpcsvc-proto amd64 1.4.3-1 [63.3 kB]
[   21.624144] cloud-init[606]: Get:21 https://cdn-aws.deb.debian.org/debian trixie/main amd64 libc6-dev amd64 2.41-12 [1991 kB]
[   21.635864] cloud-init[606]: Get:22 https://cdn-aws.deb.debian.org/debian trixie/main amd64 libisl23 amd64 0.27-1 [659 kB]
[   21.641430] cloud-init[606]: Get:23 https://cdn-aws.deb.debian.org/debian trixie/main amd64 libmpfr6 amd64 4.2.2-1 [729 kB]
[   21.647479] cloud-init[606]: Get:24 https://cdn-aws.deb.debian.org/debian trixie/main amd64 libmpc3 amd64 1.3.1-1+b3 [52.2 kB]
[   21.649810] cloud-init[606]: Get:25 https://cdn-aws.deb.debian.org/debian trixie/main amd64 cpp-14-x86-64-linux-gnu amd64 14.2.0-19 [11.0 MB]
[   21.726651] cloud-init[606]: Get:26 https://cdn-aws.deb.debian.org/debian trixie/main amd64 cpp-14 amd64 14.2.0-19 [1280 B]
[   21.732133] cloud-init[606]: Get:27 https://cdn-aws.deb.debian.org/debian trixie/main amd64 cpp-x86-64-linux-gnu amd64 4:14.2.0-1 [4840 B]
[   21.734214] cloud-init[606]: Get:28 https://cdn-aws.deb.debian.org/debian trixie/main amd64 cpp amd64 4:14.2.0-1 [1568 B]
[   21.736067] cloud-init[606]: Get:29 https://cdn-aws.deb.debian.org/debian trixie/main amd64 libcc1-0 amd64 14.2.0-19 [42.8 kB]
[   21.737966] cloud-init[606]: Get:30 https://cdn-aws.deb.debian.org/debian trixie/main amd64 libgomp1 amd64 14.2.0-19 [137 kB]
[   21.739870] cloud-init[606]: Get:31 https://cdn-aws.deb.debian.org/debian trixie/main amd64 libitm1 amd64 14.2.0-19 [26.0 kB]
[   21.741673] cloud-init[606]: Get:32 https://cdn-aws.deb.debian.org/debian trixie/main amd64 libasan8 amd64 14.2.0-19 [2725 kB]
[   21.757268] cloud-init[606]: Get:33 https://cdn-aws.deb.debian.org/debian trixie/main amd64 liblsan0 amd64 14.2.0-19 [1204 kB]
[   21.765968] cloud-init[606]: Get:34 https://cdn-aws.deb.debian.org/debian trixie/main amd64 libtsan2 amd64 14.2.0-19 [2460 kB]
[   21.781690] cloud-init[606]: Get:35 https://cdn-aws.deb.debian.org/debian trixie/main amd64 libubsan1 amd64 14.2.0-19 [1074 kB]
[   21.789824] cloud-init[606]: Get:36 https://cdn-aws.deb.debian.org/debian trixie/main amd64 libhwasan0 amd64 14.2.0-19 [1488 kB]
[   21.800253] cloud-init[606]: Get:37 https://cdn-aws.deb.debian.org/debian trixie/main amd64 libquadmath0 amd64 14.2.0-19 [145 kB]
[   21.803088] cloud-init[606]: Get:38 https://cdn-aws.deb.debian.org/debian trixie/main amd64 libgcc-14-dev amd64 14.2.0-19 [2672 kB]
[   21.820113] cloud-init[606]: Get:39 https://cdn-aws.deb.debian.org/debian trixie/main amd64 gcc-14-x86-64-linux-gnu amd64 14.2.0-19 [21.4 MB]
[   22.065051] cloud-init[606]: Get:40 https://cdn-aws.deb.debian.org/debian trixie/main amd64 gcc-14 amd64 14.2.0-19 [540 kB]
[   22.135964] cloud-init[606]: Get:41 https://cdn-aws.deb.debian.org/debian trixie/main amd64 gcc-x86-64-linux-gnu amd64 4:14.2.0-1 [1436 B]
[   22.138302] cloud-init[606]: Get:42 https://cdn-aws.deb.debian.org/debian trixie/main amd64 gcc amd64 4:14.2.0-1 [5136 B]
[!p]104[?7h[6n[32766;32766H[6n[   22.141132] cloud-init[606]: Get:43 https://cdn-aws.deb.debian.org/debian trixie/main amd64 libstdc++-14-dev amd64 14.2.0-19 [2376 kB]
[   22.143548] cloud-init[606]: Get:44 https://cdn-aws.deb.debian.org/debian trixie/main amd64 g++-14-x86-64-linux-gnu amd64 14.2.0-19 [12.1 MB]
[   22.232972] cloud-init[606]: Get:45 https://cdn-aws.deb.debian.org/debian trixie/main amd64 g++-14 amd64 14.2.0-19 [22.5 kB]
[   22.235213] cloud-init[606]: Get:46 https://cdn-aws.deb.debian.org/debian trixie/main amd64 g++-x86-64-linux-gnu amd64 4:14.2.0-1 [1200 B]
[   22.235299] cloud-init[606]: Get:47 https://cdn-aws.deb.debian.org/debian trixie/main amd64 g++ amd64 4:14.2.0-1 [1344 B]
[   22.235332] cloud-init[606]: Get:48 https://cdn-aws.deb.debian.org/debian trixie/main amd64 make amd64 4.4.1-2 [463 kB]
[   22.241946] cloud-init[606]: Get:49 https://cdn-aws.deb.debian.org/debian trixie/main amd64 libdpkg-perl all 1.22.21 [650 kB]
[   22.254425] cloud-init[606]: Get:50 https://cdn-aws.deb.debian.org/debian trixie/main amd64 patch amd64 2.8-2 [134 kB]
[   22.256628] cloud-init[606]: Get:51 https://cdn-aws.deb.debian.org/debian trixie/main amd64 dpkg-dev all 1.22.21 [1338 kB]
[   22.272720] cloud-init[606]: Get:52 https://cdn-aws.deb.debian.org/debian trixie/main amd64 build-essential amd64 12.12 [4624 B]
[   22.275926] cloud-init[606]: Get:53 https://cdn-aws.deb.debian.org/debian trixie/main amd64 libfakeroot amd64 1.37.1.1-1 [29.6 kB]
[   22.278022] cloud-init[606]: Get:54 https://cdn-aws.deb.debian.org/debian trixie/main amd64 fakeroot amd64 1.37.1.1-1 [76.0 kB]
[   22.279845] cloud-init[606]: Get:55 https://cdn-aws.deb.debian.org/debian trixie/main amd64 javascript-common all 12+nmu1 [4864 B]
[   22.281795] cloud-init[606]: Get:56 https://cdn-aws.deb.debian.org/debian trixie/main amd64 libalgorithm-diff-perl all 1.201-1 [43.3 kB]
[   22.283911] cloud-init[606]: Get:57 https://cdn-aws.deb.debian.org/debian trixie/main amd64 libalgorithm-diff-xs-perl amd64 0.04-9 [11.1 kB]
[   22.286080] cloud-init[606]: Get:58 https://cdn-aws.deb.debian.org/debian trixie/main amd64 libalgorithm-merge-perl all 0.08-5 [11.8 kB]
[   22.288118] cloud-init[606]: Get:59 https://cdn-aws.deb.debian.org/debian trixie/main amd64 libexpat1-dev amd64 2.7.1-2 [161 kB]
[   22.290131] cloud-init[606]: Get:60 https://cdn-aws.deb.debian.org/debian trixie/main amd64 libfile-fcntllock-perl amd64 0.22-4+b4 [34.6 kB]
[   22.292348] cloud-init[606]: Get:61 https://cdn-aws.deb.debian.org/debian trixie/main amd64 libjs-jquery all 3.6.1+dfsg+~3.5.14-1 [326 kB]
[   22.294410] cloud-init[606]: Get:62 https://cdn-aws.deb.debian.org/debian trixie/main amd64 libjs-underscore all 1.13.4~dfsg+~1.11.4-3 [116 kB]
[   22.296602] cloud-init[606]: Get:63 https://cdn-aws.deb.debian.org/debian trixie/main amd64 libjs-sphinxdoc all 8.1.3-5 [30.5 kB]
[   22.298593] cloud-init[606]: Get:64 https://cdn-aws.deb.debian.org/debian trixie/main amd64 libpython3.13 amd64 3.13.5-2 [2160 kB]
[   22.306707] cloud-init[606]: Get:65 https://cdn-aws.deb.debian.org/debian trixie/main amd64 zlib1g-dev amd64 1:1.3.dfsg+really1.3.1-1+b1 [920 kB]
[   22.313350] cloud-init[606]: Get:66 https://cdn-aws.deb.debian.org/debian trixie/main amd64 libpython3.13-dev amd64 3.13.5-2 [5291 kB]
[   22.359500] cloud-init[606]: Get:67 https://cdn-aws.deb.debian.org/debian trixie/main amd64 libpython3-dev amd64 3.13.5-1 [10.4 kB]
[   22.362107] cloud-init[606]: Get:68 https://cdn-aws.deb.debian.org/debian trixie/main amd64 manpages-dev all 6.9.1-1 [2122 kB]
[   22.374936] cloud-init[606]: Get:69 https://cdn-aws.deb.debian.org/debian trixie/main amd64 python3-autocommand all 2.2.2-3 [13.6 kB]
[   22.377394] cloud-init[606]: Get:70 https://cdn-aws.deb.debian.org/debian trixie/main amd64 python3.13-dev amd64 3.13.5-2 [504 kB]
[   22.380037] cloud-init[606]: Get:71 https://cdn-aws.deb.debian.org/debian trixie/main amd64 python3-dev amd64 3.13.5-1 [26.1 kB]
[   22.382359] cloud-init[606]: Get:72 https://cdn-aws.deb.debian.org/debian trixie/main amd64 python3-more-itertools all 10.7.0-1 [67.4 kB]
[   22.384600] cloud-init[606]: Get:73 https://cdn-aws.deb.debian.org/debian trixie/main amd64 python3-typing-extensions all 4.13.2-1 [90.5 kB]
[   22.386652] cloud-init[606]: Get:74 https://cdn-aws.deb.debian.org/debian trixie/main amd64 python3-typeguard all 4.4.2-1 [37.3 kB]
[   22.388763] cloud-init[606]: Get:75 https://cdn-aws.deb.debian.org/debian trixie/main amd64 python3-inflect all 7.3.1-2 [32.4 kB]
[   22.390611] cloud-init[606]: Get:76 https://cdn-aws.deb.debian.org/debian trixie/main amd64 python3-jaraco.functools all 4.1.0-1 [12.0 kB]
[   22.392550] cloud-init[606]: Get:77 https://cdn-aws.deb.debian.org/debian trixie/main amd64 python3-pkg-resources all 78.1.1-0.1 [224 kB]
[   22.394450] cloud-init[606]: Get:78 https://cdn-aws.deb.debian.org/debian trixie/main amd64 python3-jaraco.text all 4.0.0-1 [11.4 kB]
[   22.396327] cloud-init[606]: Get:79 https://cdn-aws.deb.debian.org/debian trixie/main amd64 python3-setuptools all 78.1.1-0.1 [738 kB]
[   22.398243] cloud-init[606]: Get:80 https://cdn-aws.deb.debian.org/debian trixie/main amd64 python3-jaraco.context all 6.0.1-1 [8276 B]
[   22.400137] cloud-init[606]: Get:81 https://cdn-aws.deb.debian.org/debian trixie/main amd64 python3-packaging all 25.0-1 [56.6 kB]
[   22.401984] cloud-init[606]: Get:82 https://cdn-aws.deb.debian.org/debian trixie/main amd64 python3-wheel all 0.46.1-2 [21.7 kB]
[   22.403783] cloud-init[606]: Get:83 https://cdn-aws.deb.debian.org/debian trixie/main amd64 python3-pip all 25.1.1+dfsg-1 [1457 kB]
[   22.416268] cloud-init[606]: Get:84 https://cdn-aws.deb.debian.org/debian trixie/main amd64 python3-testtools all 2.7.2-5 [123 kB]
[   22.421372] cloud-init[606]: Get:85 https://cdn-aws.deb.debian.org/debian trixie/main amd64 python3-toolz all 1.0.0-2 [44.2 kB]
[   22.423401] cloud-init[606]: Get:86 https://cdn-aws.deb.debian.org/debian trixie/main amd64 sq amd64 1.3.1-2+b1 [5654 kB]
[!p]104[?7h[6n[32766;32766H[6n[   22.899423] cloud-init[606]: dpkg-preconfigure: unable to re-open stdin: No such file or directory
[   22.936526] cloud-init[606]: Fetched 102 MB in 1s (94.0 MB/s)
[   22.975829] cloud-init[606]: Selecting previously unselected package liblocale-gettext-perl.
[   23.382932] cloud-init[606]: (Reading database ... 
(Reading database ... 5%
(Reading database ... 10%
(Reading database ... 15%
(Reading database ... 20%
(Reading database ... 25%
(Reading database ... 30%
(Reading database ... 35%
(Reading database ... 40%
(Reading database ... 45%
(Reading database ... 50%
(Reading database ... 55%
(Reading database ... 60%
(Reading database ... 65%
(Reading database ... 70%
(Reading database ... 75%
(Reading database ... 80%
(Reading database ... 85%
(Reading database ... 90%
(Reading database ... 95%
(Reading database ... 100%
(Reading database ... 30199 files and directories currently installed.)
[   23.392643] cloud-init[606]: Preparing to unpack .../00-liblocale-gettext-perl_1.07-7+b1_amd64.deb ...
[   23.401684] cloud-init[606]: Unpacking liblocale-gettext-perl (1.07-7+b1) ...
[   23.459729] cloud-init[606]: Selecting previously unselected package bzip2.
[   23.464175] cloud-init[606]: Preparing to unpack .../01-bzip2_1.0.8-6_amd64.deb ...
[   23.469982] cloud-init[606]: Unpacking bzip2 (1.0.8-6) ...
[   23.522712] cloud-init[606]: Selecting previously unselected package perl-modules-5.40.
[   23.526378] cloud-init[606]: Preparing to unpack .../02-perl-modules-5.40_5.40.1-6_all.deb ...
[   23.531877] cloud-init[606]: Unpacking perl-modules-5.40 (5.40.1-6) ...
[   23.824384] cloud-init[606]: Selecting previously unselected package libgdbm-compat4t64:amd64.
[   23.828426] cloud-init[606]: Preparing to unpack .../03-libgdbm-compat4t64_1.24-2_amd64.deb ...


Debian GNU/Linux 13 ip-172-31-8-16 ttyS0

ip-172-31-8-16 login: [   23.839977] cloud-init[606]: Unpacking libgdbm-compat4t64:amd64 (1.24-2) ...
[   23.893240] cloud-init[606]: Selecting previously unselected package libperl5.40:amd64.
[   23.896694] cloud-init[606]: Preparing to unpack .../04-libperl5.40_5.40.1-6_amd64.deb ...
[   23.902167] cloud-init[606]: Unpacking libperl5.40:amd64 (5.40.1-6) ...
[   24.197589] cloud-init[606]: Selecting previously unselected package perl.
[   24.201149] cloud-init[606]: Preparing to unpack .../05-perl_5.40.1-6_amd64.deb ...
[   24.206615] cloud-init[606]: Unpacking perl (5.40.1-6) ...
[   24.278591] cloud-init[606]: Selecting previously unselected package libsframe1:amd64.
[   24.282199] cloud-init[606]: Preparing to unpack .../06-libsframe1_2.44-3_amd64.deb ...
[   24.287561] cloud-init[606]: Unpacking libsframe1:amd64 (2.44-3) ...
[   24.337611] cloud-init[606]: Selecting previously unselected package binutils-common:amd64.
[   24.341588] cloud-init[606]: Preparing to unpack .../07-binutils-common_2.44-3_amd64.deb ...
[   24.347269] cloud-init[606]: Unpacking binutils-common:amd64 (2.44-3) ...
[   24.551961] cloud-init[606]: Selecting previously unselected package libbinutils:amd64.
[   24.556773] cloud-init[606]: Preparing to unpack .../08-libbinutils_2.44-3_amd64.deb ...
[   24.562812] cloud-init[606]: Unpacking libbinutils:amd64 (2.44-3) ...
[   24.645043] cloud-init[606]: Selecting previously unselected package libgprofng0:amd64.
[   24.649132] cloud-init[606]: Preparing to unpack .../09-libgprofng0_2.44-3_amd64.deb ...
[   24.654549] cloud-init[606]: Unpacking libgprofng0:amd64 (2.44-3) ...
[   24.791394] cloud-init[606]: Selecting previously unselected package libctf-nobfd0:amd64.
[   24.796216] cloud-init[606]: Preparing to unpack .../10-libctf-nobfd0_2.44-3_amd64.deb ...
[   24.802128] cloud-init[606]: Unpacking libctf-nobfd0:amd64 (2.44-3) ...
[   24.860611] cloud-init[606]: Selecting previously unselected package libctf0:amd64.
[   24.865476] cloud-init[606]: Preparing to unpack .../11-libctf0_2.44-3_amd64.deb ...
[   24.871182] cloud-init[606]: Unpacking libctf0:amd64 (2.44-3) ...
[   24.928998] cloud-init[606]: Selecting previously unselected package libjansson4:amd64.
[   24.933679] cloud-init[606]: Preparing to unpack .../12-libjansson4_2.14-2+b3_amd64.deb ...
[   24.939181] cloud-init[606]: Unpacking libjansson4:amd64 (2.14-2+b3) ...
[   24.984359] cloud-init[606]: Selecting previously unselected package binutils-x86-64-linux-gnu.
[   24.989349] cloud-init[606]: Preparing to unpack .../13-binutils-x86-64-linux-gnu_2.44-3_amd64.deb ...
[   24.995385] cloud-init[606]: Unpacking binutils-x86-64-linux-gnu (2.44-3) ...
[   25.124668] cloud-init[606]: Selecting previously unselected package binutils.
[   25.128255] cloud-init[606]: Preparing to unpack .../14-binutils_2.44-3_amd64.deb ...
[   25.135833] cloud-init[606]: Unpacking binutils (2.44-3) ...
[   25.194447] cloud-init[606]: Selecting previously unselected package libc-dev-bin.
[   25.199357] cloud-init[606]: Preparing to unpack .../15-libc-dev-bin_2.41-12_amd64.deb ...
[   25.205251] cloud-init[606]: Unpacking libc-dev-bin (2.41-12) ...
[   25.252954] cloud-init[606]: Selecting previously unselected package linux-libc-dev.
[   25.257828] cloud-init[606]: Preparing to unpack .../16-linux-libc-dev_6.12.57-1_all.deb ...
[   25.264141] cloud-init[606]: Unpacking linux-libc-dev (6.12.57-1) ...
[   25.625383] cloud-init[606]: Selecting previously unselected package libcrypt-dev:amd64.
[   25.630906] cloud-init[606]: Preparing to unpack .../17-libcrypt-dev_1%3a4.4.38-1_amd64.deb ...
[   25.646860] cloud-init[606]: Unpacking libcrypt-dev:amd64 (1:4.4.38-1) ...
[   25.697313] cloud-init[606]: Selecting previously unselected package rpcsvc-proto.
[   25.702177] cloud-init[606]: Preparing to unpack .../18-rpcsvc-proto_1.4.3-1_amd64.deb ...
[   25.707936] cloud-init[606]: Unpacking rpcsvc-proto (1.4.3-1) ...
[   25.755475] cloud-init[606]: Selecting previously unselected package libc6-dev:amd64.
[   25.760568] cloud-init[606]: Preparing to unpack .../19-libc6-dev_2.41-12_amd64.deb ...
[   25.766273] cloud-init[606]: Unpacking libc6-dev:amd64 (2.41-12) ...
[   26.005402] cloud-init[606]: Selecting previously unselected package libisl23:amd64.
[   26.010205] cloud-init[606]: Preparing to unpack .../20-libisl23_0.27-1_amd64.deb ...
[   26.016032] cloud-init[606]: Unpacking libisl23:amd64 (0.27-1) ...
[   26.139280] cloud-init[606]: Selecting previously unselected package libmpfr6:amd64.
[   26.143598] cloud-init[606]: Preparing to unpack .../21-libmpfr6_4.2.2-1_amd64.deb ...
[   26.148963] cloud-init[606]: Unpacking libmpfr6:amd64 (4.2.2-1) ...
[   26.222189] cloud-init[606]: Selecting previously unselected package libmpc3:amd64.
[   26.227268] cloud-init[606]: Preparing to unpack .../22-libmpc3_1.3.1-1+b3_amd64.deb ...
[   26.233247] cloud-init[606]: Unpacking libmpc3:amd64 (1.3.1-1+b3) ...
[   26.278591] cloud-init[606]: Selecting previously unselected package cpp-14-x86-64-linux-gnu.
[   26.283734] cloud-init[606]: Preparing to unpack .../23-cpp-14-x86-64-linux-gnu_14.2.0-19_amd64.deb ...
[   26.290010] cloud-init[606]: Unpacking cpp-14-x86-64-linux-gnu (14.2.0-19) ...
[   26.864808] cloud-init[606]: Selecting previously unselected package cpp-14.
[   26.869799] cloud-init[606]: Preparing to unpack .../24-cpp-14_14.2.0-19_amd64.deb ...
[   26.876176] cloud-init[606]: Unpacking cpp-14 (14.2.0-19) ...
[   26.919377] cloud-init[606]: Selecting previously unselected package cpp-x86-64-linux-gnu.
[   26.923327] cloud-init[606]: Preparing to unpack .../25-cpp-x86-64-linux-gnu_4%3a14.2.0-1_amd64.deb ...
[   26.929597] cloud-init[606]: Unpacking cpp-x86-64-linux-gnu (4:14.2.0-1) ...
[   26.982729] cloud-init[606]: Selecting previously unselected package cpp.
[   26.987792] cloud-init[606]: Preparing to unpack .../26-cpp_4%3a14.2.0-1_amd64.deb ...
[   26.999201] cloud-init[606]: Unpacking cpp (4:14.2.0-1) ...
[   27.048521] cloud-init[606]: Selecting previously unselected package libcc1-0:amd64.
[   27.053292] cloud-init[606]: Preparing to unpack .../27-libcc1-0_14.2.0-19_amd64.deb ...
[   27.059052] cloud-init[606]: Unpacking libcc1-0:amd64 (14.2.0-19) ...
[   27.113537] cloud-init[606]: Selecting previously unselected package libgomp1:amd64.
[   27.117357] cloud-init[606]: Preparing to unpack .../28-libgomp1_14.2.0-19_amd64.deb ...
[   27.123213] cloud-init[606]: Unpacking libgomp1:amd64 (14.2.0-19) ...
[   27.183551] cloud-init[606]: Selecting previously unselected package libitm1:amd64.
[   27.188599] cloud-init[606]: Preparing to unpack .../29-libitm1_14.2.0-19_amd64.deb ...
[   27.194373] cloud-init[606]: Unpacking libitm1:amd64 (14.2.0-19) ...
[   27.244658] cloud-init[606]: Selecting previously unselected package libasan8:amd64.
[   27.249654] cloud-init[606]: Preparing to unpack .../30-libasan8_14.2.0-19_amd64.deb ...
[   27.255497] cloud-init[606]: Unpacking libasan8:amd64 (14.2.0-19) ...
[   27.477058] cloud-init[606]: Selecting previously unselected package liblsan0:amd64.
[   27.480838] cloud-init[606]: Preparing to unpack .../31-liblsan0_14.2.0-19_amd64.deb ...
[   27.486479] cloud-init[606]: Unpacking liblsan0:amd64 (14.2.0-19) ...
[   27.615794] cloud-init[606]: Selecting previously unselected package libtsan2:amd64.
[   27.619524] cloud-init[606]: Preparing to unpack .../32-libtsan2_14.2.0-19_amd64.deb ...
[   27.625509] cloud-init[606]: Unpacking libtsan2:amd64 (14.2.0-19) ...
[   27.820141] cloud-init[606]: Selecting previously unselected package libubsan1:amd64.
[   27.825149] cloud-init[606]: Preparing to unpack .../33-libubsan1_14.2.0-19_amd64.deb ...
[   27.831089] cloud-init[606]: Unpacking libubsan1:amd64 (14.2.0-19) ...
[   27.944847] cloud-init[606]: Selecting previously unselected package libhwasan0:amd64.
[   27.949823] cloud-init[606]: Preparing to unpack .../34-libhwasan0_14.2.0-19_amd64.deb ...
[   27.955893] cloud-init[606]: Unpacking libhwasan0:amd64 (14.2.0-19) ...
[   28.098939] cloud-init[606]: Selecting previously unselected package libquadmath0:amd64.
[   28.102508] cloud-init[606]: Preparing to unpack .../35-libquadmath0_14.2.0-19_amd64.deb ...
[   28.108332] cloud-init[606]: Unpacking libquadmath0:amd64 (14.2.0-19) ...
[   28.159240] cloud-init[606]: Selecting previously unselected package libgcc-14-dev:amd64.
[   28.163422] cloud-init[606]: Preparing to unpack .../36-libgcc-14-dev_14.2.0-19_amd64.deb ...
[   28.169393] cloud-init[606]: Unpacking libgcc-14-dev:amd64 (14.2.0-19) ...
[   28.360355] cloud-init[606]: Selecting previously unselected package gcc-14-x86-64-linux-gnu.
[   28.365696] cloud-init[606]: Preparing to unpack .../37-gcc-14-x86-64-linux-gnu_14.2.0-19_amd64.deb ...
[   28.371921] cloud-init[606]: Unpacking gcc-14-x86-64-linux-gnu (14.2.0-19) ...
[   29.115820] cloud-init[606]: Selecting previously unselected package gcc-14.
[   29.119411] cloud-init[606]: Preparing to unpack .../38-gcc-14_14.2.0-19_amd64.deb ...
[   29.125611] cloud-init[606]: Unpacking gcc-14 (14.2.0-19) ...
[   29.180079] cloud-init[606]: Selecting previously unselected package gcc-x86-64-linux-gnu.
[   29.183790] cloud-init[606]: Preparing to unpack .../39-gcc-x86-64-linux-gnu_4%3a14.2.0-1_amd64.deb ...
[   29.189159] cloud-init[606]: Unpacking gcc-x86-64-linux-gnu (4:14.2.0-1) ...
[   29.236943] cloud-init[606]: Selecting previously unselected package gcc.
[   29.241810] cloud-init[606]: Preparing to unpack .../40-gcc_4%3a14.2.0-1_amd64.deb ...
[   29.247495] cloud-init[606]: Unpacking gcc (4:14.2.0-1) ...
[   29.356992] cloud-init[606]: Selecting previously unselected package libstdc++-14-dev:amd64.
[   29.363892] cloud-init[606]: Preparing to unpack .../41-libstdc++-14-dev_14.2.0-19_amd64.deb ...
[   29.373160] cloud-init[606]: Unpacking libstdc++-14-dev:amd64 (14.2.0-19) ...
[   29.623732] cloud-init[606]: Selecting previously unselected package g++-14-x86-64-linux-gnu.
[   29.629261] cloud-init[606]: Preparing to unpack .../42-g++-14-x86-64-linux-gnu_14.2.0-19_amd64.deb ...
[   29.635679] cloud-init[606]: Unpacking g++-14-x86-64-linux-gnu (14.2.0-19) ...
[   30.219687] cloud-init[606]: Selecting previously unselected package g++-14.
[   30.224496] cloud-init[606]: Preparing to unpack .../43-g++-14_14.2.0-19_amd64.deb ...
[   30.230602] cloud-init[606]: Unpacking g++-14 (14.2.0-19) ...
[   30.273713] cloud-init[606]: Selecting previously unselected package g++-x86-64-linux-gnu.
[   30.277870] cloud-init[606]: Preparing to unpack .../44-g++-x86-64-linux-gnu_4%3a14.2.0-1_amd64.deb ...
[   30.283385] cloud-init[606]: Unpacking g++-x86-64-linux-gnu (4:14.2.0-1) ...
[   30.329775] cloud-init[606]: Selecting previously unselected package g++.
[   30.334972] cloud-init[606]: Preparing to unpack .../45-g++_4%3a14.2.0-1_amd64.deb ...
[   30.340484] cloud-init[606]: Unpacking g++ (4:14.2.0-1) ...
[   30.383255] cloud-init[606]: Selecting previously unselected package make.
[   30.387287] cloud-init[606]: Preparing to unpack .../46-make_4.4.1-2_amd64.deb ...
[   30.392925] cloud-init[606]: Unpacking make (4.4.1-2) ...
[   30.514026] cloud-init[606]: Selecting previously unselected package libdpkg-perl.
[   30.522268] cloud-init[606]: Preparing to unpack .../47-libdpkg-perl_1.22.21_all.deb ...
[   30.537263] cloud-init[606]: Unpacking libdpkg-perl (1.22.21) ...
[   30.686575] cloud-init[606]: Selecting previously unselected package patch.
[   30.702543] cloud-init[606]: Preparing to unpack .../48-patch_2.8-2_amd64.deb ...
[   30.710348] cloud-init[606]: Unpacking patch (2.8-2) ...
[   30.865387] cloud-init[606]: Selecting previously unselected package dpkg-dev.
[   30.884571] cloud-init[606]: Preparing to unpack .../49-dpkg-dev_1.22.21_all.deb ...
[   30.891745] cloud-init[606]: Unpacking dpkg-dev (1.22.21) ...
[   31.325350] cloud-init[606]: Selecting previously unselected package build-essential.
[   31.330789] cloud-init[606]: Preparing to unpack .../50-build-essential_12.12_amd64.deb ...
[   31.345228] cloud-init[606]: Unpacking build-essential (12.12) ...
[   31.417840] cloud-init[606]: Selecting previously unselected package libfakeroot:amd64.
[   31.429832] cloud-init[606]: Preparing to unpack .../51-libfakeroot_1.37.1.1-1_amd64.deb ...
[   31.441460] cloud-init[606]: Unpacking libfakeroot:amd64 (1.37.1.1-1) ...
[   31.515692] cloud-init[606]: Selecting previously unselected package fakeroot.
[   31.529700] cloud-init[606]: Preparing to unpack .../52-fakeroot_1.37.1.1-1_amd64.deb ...
[   31.537454] cloud-init[606]: Unpacking fakeroot (1.37.1.1-1) ...
[   31.676510] cloud-init[606]: Selecting previously unselected package javascript-common.
[   31.694525] cloud-init[606]: Preparing to unpack .../53-javascript-common_12+nmu1_all.deb ...
[   31.700899] cloud-init[606]: Unpacking javascript-common (12+nmu1) ...
[   31.792491] cloud-init[606]: Selecting previously unselected package libalgorithm-diff-perl.
[   31.806981] cloud-init[606]: Preparing to unpack .../54-libalgorithm-diff-perl_1.201-1_all.deb ...
[   31.813636] cloud-init[606]: Unpacking libalgorithm-diff-perl (1.201-1) ...
[   31.870052] cloud-init[606]: Selecting previously unselected package libalgorithm-diff-xs-perl.
[   31.876083] cloud-init[606]: Preparing to unpack .../55-libalgorithm-diff-xs-perl_0.04-9_amd64.deb ...
[   31.884399] cloud-init[606]: Unpacking libalgorithm-diff-xs-perl (0.04-9) ...
[   31.969788] cloud-init[606]: Selecting previously unselected package libalgorithm-merge-perl.
[   31.979769] cloud-init[606]: Preparing to unpack .../56-libalgorithm-merge-perl_0.08-5_all.deb ...
[   31.986254] cloud-init[606]: Unpacking libalgorithm-merge-perl (0.08-5) ...
[   32.046704] cloud-init[606]: Selecting previously unselected package libexpat1-dev:amd64.
[   32.054239] cloud-init[606]: Preparing to unpack .../57-libexpat1-dev_2.7.1-2_amd64.deb ...
[   32.061574] cloud-init[606]: Unpacking libexpat1-dev:amd64 (2.7.1-2) ...
[   32.131779] cloud-init[606]: Selecting previously unselected package libfile-fcntllock-perl.
[   32.138139] cloud-init[606]: Preparing to unpack .../58-libfile-fcntllock-perl_0.22-4+b4_amd64.deb ...
[   32.144365] cloud-init[606]: Unpacking libfile-fcntllock-perl (0.22-4+b4) ...
[   32.206303] cloud-init[606]: Selecting previously unselected package libjs-jquery.
[   32.211111] cloud-init[606]: Preparing to unpack .../59-libjs-jquery_3.6.1+dfsg+~3.5.14-1_all.deb ...
[   32.224336] cloud-init[606]: Unpacking libjs-jquery (3.6.1+dfsg+~3.5.14-1) ...
[   32.291488] cloud-init[606]: Selecting previously unselected package libjs-underscore.
[   32.296368] cloud-init[606]: Preparing to unpack .../60-libjs-underscore_1.13.4~dfsg+~1.11.4-3_all.deb ...
[   32.302131] cloud-init[606]: Unpacking libjs-underscore (1.13.4~dfsg+~1.11.4-3) ...
[   32.362152] cloud-init[606]: Selecting previously unselected package libjs-sphinxdoc.
[   32.367507] cloud-init[606]: Preparing to unpack .../61-libjs-sphinxdoc_8.1.3-5_all.deb ...
[   32.385813] cloud-init[606]: Unpacking libjs-sphinxdoc (8.1.3-5) ...
[   32.447909] cloud-init[606]: Selecting previously unselected package libpython3.13:amd64.
[   32.451945] cloud-init[606]: Preparing to unpack .../62-libpython3.13_3.13.5-2_amd64.deb ...
[   32.457377] cloud-init[606]: Unpacking libpython3.13:amd64 (3.13.5-2) ...
[   32.635915] cloud-init[606]: Selecting previously unselected package zlib1g-dev:amd64.
[   32.641119] cloud-init[606]: Preparing to unpack .../63-zlib1g-dev_1%3a1.3.dfsg+really1.3.1-1+b1_amd64.deb ...
[   32.647456] cloud-init[606]: Unpacking zlib1g-dev:amd64 (1:1.3.dfsg+really1.3.1-1+b1) ...
[   32.704148] cloud-init[606]: Selecting previously unselected package libpython3.13-dev:amd64.
[   32.708269] cloud-init[606]: Preparing to unpack .../64-libpython3.13-dev_3.13.5-2_amd64.deb ...
[   32.714237] cloud-init[606]: Unpacking libpython3.13-dev:amd64 (3.13.5-2) ...
[   33.106339] cloud-init[606]: Selecting previously unselected package libpython3-dev:amd64.
[   33.111948] cloud-init[606]: Preparing to unpack .../65-libpython3-dev_3.13.5-1_amd64.deb ...
[   33.118048] cloud-init[606]: Unpacking libpython3-dev:amd64 (3.13.5-1) ...
[   33.164293] cloud-init[606]: Selecting previously unselected package manpages-dev.
[   33.169588] cloud-init[606]: Preparing to unpack .../66-manpages-dev_6.9.1-1_all.deb ...
[   33.175508] cloud-init[606]: Unpacking manpages-dev (6.9.1-1) ...
[   33.457011] cloud-init[606]: Selecting previously unselected package python3-autocommand.
[   33.460257] cloud-init[606]: Preparing to unpack .../67-python3-autocommand_2.2.2-3_all.deb ...
[   33.465728] cloud-init[606]: Unpacking python3-autocommand (2.2.2-3) ...
[   33.510914] cloud-init[606]: Selecting previously unselected package python3.13-dev.
[   33.514915] cloud-init[606]: Preparing to unpack .../68-python3.13-dev_3.13.5-2_amd64.deb ...
[   33.521026] cloud-init[606]: Unpacking python3.13-dev (3.13.5-2) ...
[   33.567182] cloud-init[606]: Selecting previously unselected package python3-dev.
[   33.570557] cloud-init[606]: Preparing to unpack .../69-python3-dev_3.13.5-1_amd64.deb ...
[   33.575914] cloud-init[606]: Unpacking python3-dev (3.13.5-1) ...
[   33.628325] cloud-init[606]: Selecting previously unselected package python3-more-itertools.
[   33.631225] cloud-init[606]: Preparing to unpack .../70-python3-more-itertools_10.7.0-1_all.deb ...
[   33.637229] cloud-init[606]: Unpacking python3-more-itertools (10.7.0-1) ...
[   33.692055] cloud-init[606]: Selecting previously unselected package python3-typing-extensions.
[   33.697767] cloud-init[606]: Preparing to unpack .../71-python3-typing-extensions_4.13.2-1_all.deb ...
[   33.703731] cloud-init[606]: Unpacking python3-typing-extensions (4.13.2-1) ...
[   33.760653] cloud-init[606]: Selecting previously unselected package python3-typeguard.
[   33.765613] cloud-init[606]: Preparing to unpack .../72-python3-typeguard_4.4.2-1_all.deb ...
[   33.771631] cloud-init[606]: Unpacking python3-typeguard (4.4.2-1) ...
[   33.823553] cloud-init[606]: Selecting previously unselected package python3-inflect.
[   33.827052] cloud-init[606]: Preparing to unpack .../73-python3-inflect_7.3.1-2_all.deb ...
[   33.832330] cloud-init[606]: Unpacking python3-inflect (7.3.1-2) ...
[   33.882319] cloud-init[606]: Selecting previously unselected package python3-jaraco.functools.
[   33.886386] cloud-init[606]: Preparing to unpack .../74-python3-jaraco.functools_4.1.0-1_all.deb ...
[   33.891834] cloud-init[606]: Unpacking python3-jaraco.functools (4.1.0-1) ...
[   33.942264] cloud-init[606]: Selecting previously unselected package python3-pkg-resources.
[   33.947180] cloud-init[606]: Preparing to unpack .../75-python3-pkg-resources_78.1.1-0.1_all.deb ...
[   33.953215] cloud-init[606]: Unpacking python3-pkg-resources (78.1.1-0.1) ...
[   34.015696] cloud-init[606]: Selecting previously unselected package python3-jaraco.text.
[   34.021236] cloud-init[606]: Preparing to unpack .../76-python3-jaraco.text_4.0.0-1_all.deb ...
[   34.027172] cloud-init[606]: Unpacking python3-jaraco.text (4.0.0-1) ...
[   34.076867] cloud-init[606]: Selecting previously unselected package python3-setuptools.
[   34.081802] cloud-init[606]: Preparing to unpack .../77-python3-setuptools_78.1.1-0.1_all.deb ...
[   34.087920] cloud-init[606]: Unpacking python3-setuptools (78.1.1-0.1) ...
[   34.194764] cloud-init[606]: Selecting previously unselected package python3-jaraco.context.
[   34.198926] cloud-init[606]: Preparing to unpack .../78-python3-jaraco.context_6.0.1-1_all.deb ...
[   34.205025] cloud-init[606]: Unpacking python3-jaraco.context (6.0.1-1) ...
[   34.253203] cloud-init[606]: Selecting previously unselected package python3-packaging.
[   34.258171] cloud-init[606]: Preparing to unpack .../79-python3-packaging_25.0-1_all.deb ...
[   34.264302] cloud-init[606]: Unpacking python3-packaging (25.0-1) ...
[   34.317309] cloud-init[606]: Selecting previously unselected package python3-wheel.
[   34.322173] cloud-init[606]: Preparing to unpack .../80-python3-wheel_0.46.1-2_all.deb ...
[   34.328027] cloud-init[606]: Unpacking python3-wheel (0.46.1-2) ...
[   34.379336] cloud-init[606]: Selecting previously unselected package python3-pip.
[   34.384211] cloud-init[606]: Preparing to unpack .../81-python3-pip_25.1.1+dfsg-1_all.deb ...
[   34.390151] cloud-init[606]: Unpacking python3-pip (25.1.1+dfsg-1) ...
[   34.545533] cloud-init[606]: Selecting previously unselected package python3-testtools.
[   34.549319] cloud-init[606]: Preparing to unpack .../82-python3-testtools_2.7.2-5_all.deb ...
[   34.554974] cloud-init[606]: Unpacking python3-testtools (2.7.2-5) ...
[   34.633550] cloud-init[606]: Selecting previously unselected package python3-toolz.
[   34.637294] cloud-init[606]: Preparing to unpack .../83-python3-toolz_1.0.0-2_all.deb ...
[   34.643051] cloud-init[606]: Unpacking python3-toolz (1.0.0-2) ...
[   34.692328] cloud-init[606]: Selecting previously unselected package sq.
[   34.697306] cloud-init[606]: Preparing to unpack .../84-sq_1.3.1-2+b1_amd64.deb ...
[   34.702565] cloud-init[606]: Unpacking sq (1.3.1-2+b1) ...
[   35.104526] cloud-init[606]: Setting up libpython3.13:amd64 (3.13.5-2) ...
[   35.121469] cloud-init[606]: Setting up python3-more-itertools (10.7.0-1) ...
[   35.287008] cloud-init[606]: Setting up javascript-common (12+nmu1) ...
[   35.321485] cloud-init[606]: Setting up manpages-dev (6.9.1-1) ...
[   35.338169] cloud-init[606]: Setting up python3-jaraco.functools (4.1.0-1) ...
[   35.472431] cloud-init[606]: Setting up python3-jaraco.context (6.0.1-1) ...
[   35.603318] cloud-init[606]: Setting up libgdbm-compat4t64:amd64 (1.24-2) ...
[   35.621713] cloud-init[606]: Setting up binutils-common:amd64 (2.44-3) ...
[   35.638067] cloud-init[606]: Setting up linux-libc-dev (6.12.57-1) ...
[   35.654781] cloud-init[606]: Setting up libctf-nobfd0:amd64 (2.44-3) ...
[   35.670658] cloud-init[606]: Setting up sq (1.3.1-2+b1) ...
[   35.686670] cloud-init[606]: Setting up libgomp1:amd64 (14.2.0-19) ...
[   35.702909] cloud-init[606]: Setting up python3-autocommand (2.2.2-3) ...
[   35.820062] cloud-init[606]: Setting up bzip2 (1.0.8-6) ...
[   35.836226] cloud-init[606]: Setting up libsframe1:amd64 (2.44-3) ...
[   35.852416] cloud-init[606]: Setting up libfakeroot:amd64 (1.37.1.1-1) ...
[   35.873610] cloud-init[606]: Setting up libjansson4:amd64 (2.14-2+b3) ...
[   35.889548] cloud-init[606]: Setting up fakeroot (1.37.1.1-1) ...
[   35.925654] cloud-init[606]: update-alternatives: using /usr/bin/fakeroot-sysv to provide /usr/bin/fakeroot (fakeroot) in auto mode
[   35.944434] cloud-init[606]: Setting up python3-packaging (25.0-1) ...
[   36.098508] cloud-init[606]: Setting up rpcsvc-proto (1.4.3-1) ...
[   36.115255] cloud-init[606]: Setting up make (4.4.1-2) ...
[   36.131497] cloud-init[606]: Setting up libmpfr6:amd64 (4.2.2-1) ...
[   36.147442] cloud-init[606]: Setting up libquadmath0:amd64 (14.2.0-19) ...
[   36.163758] cloud-init[606]: Setting up libmpc3:amd64 (1.3.1-1+b3) ...
[   36.179531] cloud-init[606]: Setting up patch (2.8-2) ...
[   36.195112] cloud-init[606]: Setting up python3-typing-extensions (4.13.2-1) ...
[   36.338612] cloud-init[606]: Setting up libubsan1:amd64 (14.2.0-19) ...
[   36.354610] cloud-init[606]: Setting up perl-modules-5.40 (5.40.1-6) ...
[   36.370665] cloud-init[606]: Setting up libhwasan0:amd64 (14.2.0-19) ...
[   36.386649] cloud-init[606]: Setting up libcrypt-dev:amd64 (1:4.4.38-1) ...
[   36.408582] cloud-init[606]: Setting up libasan8:amd64 (14.2.0-19) ...
[   36.424614] cloud-init[606]: Setting up python3-toolz (1.0.0-2) ...
[   36.607007] cloud-init[606]: Setting up libtsan2:amd64 (14.2.0-19) ...
[   36.622882] cloud-init[606]: Setting up libjs-jquery (3.6.1+dfsg+~3.5.14-1) ...
[   36.644035] cloud-init[606]: Setting up libbinutils:amd64 (2.44-3) ...
[   36.660123] cloud-init[606]: Setting up libisl23:amd64 (0.27-1) ...
[   36.676063] cloud-init[606]: Setting up libc-dev-bin (2.41-12) ...
[   36.692154] cloud-init[606]: Setting up libcc1-0:amd64 (14.2.0-19) ...
[   36.708142] cloud-init[606]: Setting up liblocale-gettext-perl (1.07-7+b1) ...
[   36.724046] cloud-init[606]: Setting up liblsan0:amd64 (14.2.0-19) ...
[   36.740020] cloud-init[606]: Setting up libitm1:amd64 (14.2.0-19) ...
[   36.756038] cloud-init[606]: Setting up libjs-underscore (1.13.4~dfsg+~1.11.4-3) ...
[   36.772241] cloud-init[606]: Setting up libctf0:amd64 (2.44-3) ...
[   36.788236] cloud-init[606]: Setting up python3-typeguard (4.4.2-1) ...
[   36.932600] cloud-init[606]: Setting up python3-wheel (0.46.1-2) ...
[   37.061115] cloud-init[606]: Setting up libperl5.40:amd64 (5.40.1-6) ...
[   37.077286] cloud-init[606]: Setting up python3-inflect (7.3.1-2) ...
[   37.215731] cloud-init[606]: Setting up perl (5.40.1-6) ...
[   37.239940] cloud-init[606]: Setting up libgprofng0:amd64 (2.44-3) ...
[   37.255974] cloud-init[606]: Setting up python3-jaraco.text (4.0.0-1) ...
[   37.387532] cloud-init[606]: Setting up cpp-14-x86-64-linux-gnu (14.2.0-19) ...
[   37.403958] cloud-init[606]: Setting up python3-pip (25.1.1+dfsg-1) ...
[   38.346260] cloud-init[606]: Setting up libjs-sphinxdoc (8.1.3-5) ...
[   38.363130] cloud-init[606]: Setting up libdpkg-perl (1.22.21) ...
[   38.379411] cloud-init[606]: Setting up cpp-14 (14.2.0-19) ...
[   38.395480] cloud-init[606]: Setting up libc6-dev:amd64 (2.41-12) ...
[   38.411514] cloud-init[606]: Setting up libgcc-14-dev:amd64 (14.2.0-19) ...
[   38.427811] cloud-init[606]: Setting up libstdc++-14-dev:amd64 (14.2.0-19) ...
[   38.443904] cloud-init[606]: Setting up binutils-x86-64-linux-gnu (2.44-3) ...
[   38.460187] cloud-init[606]: Setting up cpp-x86-64-linux-gnu (4:14.2.0-1) ...
[   38.476395] cloud-init[606]: Setting up python3-pkg-resources (78.1.1-0.1) ...
[   38.679308] cloud-init[606]: Setting up python3-setuptools (78.1.1-0.1) ...
[   39.404136] cloud-init[606]: Setting up libfile-fcntllock-perl (0.22-4+b4) ...
[   39.420525] cloud-init[606]: Setting up libalgorithm-diff-perl (1.201-1) ...
[   39.437031] cloud-init[606]: Setting up binutils (2.44-3) ...
[   39.458018] cloud-init[606]: Setting up dpkg-dev (1.22.21) ...
[   39.484488] cloud-init[606]: Setting up libexpat1-dev:amd64 (2.7.1-2) ...
[   39.500066] cloud-init[606]: Setting up zlib1g-dev:amd64 (1:1.3.dfsg+really1.3.1-1+b1) ...
[   39.516189] cloud-init[606]: Setting up cpp (4:14.2.0-1) ...
[   39.542718] cloud-init[606]: Setting up gcc-14-x86-64-linux-gnu (14.2.0-19) ...
[   39.559207] cloud-init[606]: Setting up libalgorithm-diff-xs-perl (0.04-9) ...
[   39.575594] cloud-init[606]: Setting up libalgorithm-merge-perl (0.08-5) ...
[   39.592046] cloud-init[606]: Setting up python3-testtools (2.7.2-5) ...
[   39.856860] cloud-init[606]: Setting up gcc-x86-64-linux-gnu (4:14.2.0-1) ...
[   39.873198] cloud-init[606]: Setting up gcc-14 (14.2.0-19) ...
[   39.888562] cloud-init[606]: Setting up libpython3.13-dev:amd64 (3.13.5-2) ...
[   39.904315] cloud-init[606]: Setting up g++-14-x86-64-linux-gnu (14.2.0-19) ...
[   39.920452] cloud-init[606]: Setting up g++-x86-64-linux-gnu (4:14.2.0-1) ...
[   39.936688] cloud-init[606]: Setting up g++-14 (14.2.0-19) ...
[   39.952387] cloud-init[606]: Setting up libpython3-dev:amd64 (3.13.5-1) ...
[   39.968278] cloud-init[606]: Setting up python3.13-dev (3.13.5-2) ...
[   39.984123] cloud-init[606]: Setting up gcc (4:14.2.0-1) ...
[   40.034149] cloud-init[606]: Setting up python3-dev (3.13.5-1) ...
[   40.050431] cloud-init[606]: Setting up g++ (4:14.2.0-1) ...
[   40.063975] cloud-init[606]: update-alternatives: using /usr/bin/g++ to provide /usr/bin/c++ (c++) in auto mode
[   40.073465] cloud-init[606]: Setting up build-essential (12.12) ...
[   40.089843] cloud-init[606]: Processing triggers for man-db (2.13.1-1) ...
[   42.651048] cloud-init[606]: Processing triggers for libc-bin (2.41-12) ...
[   42.810648] cloud-init[606]: apt install -y -q amazon-ec2-utils
[   42.816333] cloud-init[606]: WARNING: apt does not have a stable CLI interface. Use with caution in scripts.
[   42.830688] cloud-init[606]: Reading package lists...
[   43.035298] cloud-init[606]: Building dependency tree...
[   43.036439] cloud-init[606]: Reading state information...
[   43.371887] cloud-init[606]: amazon-ec2-utils is already the newest version (2.1.0-1.1).
[   43.372087] cloud-init[606]: Summary:
[   43.372263] cloud-init[606]:   Upgrading: 0, Installing: 0, Removing: 0, Not Upgrading: 26
[   43.375811] cloud-init[606]: apt install -y -q awscli
[   43.381767] cloud-init[606]: WARNING: apt does not have a stable CLI interface. Use with caution in scripts.
[   43.396186] cloud-init[606]: Reading package lists...
[   43.598319] cloud-init[606]: Building dependency tree...
[   43.599360] cloud-init[606]: Reading state information...
[   43.957918] cloud-init[606]: awscli is already the newest version (2.23.6-1).
[   43.959221] cloud-init[606]: Summary:
[   43.959898] cloud-init[606]:   Upgrading: 0, Installing: 0, Removing: 0, Not Upgrading: 26
[   43.961389] cloud-init[606]: curl -sS "https://s3.amazonaws.com/ec2-downloads-windows/SSMAgent/latest/debian_amd64/amazon-ssm-agent.deb" -o "/tmp/amazon-ssm-agent.deb"
[   47.520949] cloud-init[606]: dpkg -i "/tmp/amazon-ssm-agent.deb"
[   47.555738] cloud-init[606]: Selecting previously unselected package amazon-ssm-agent.
[   47.575791] cloud-init[606]: (Reading database ... 42736 files and directories currently installed.)
[   47.578635] cloud-init[606]: Preparing to unpack /tmp/amazon-ssm-agent.deb ...
[   47.586653] cloud-init[606]: Preparing for install
[   47.589331] cloud-init[606]: -> Systemd detected
[   47.597590] cloud-init[606]: inactive
[   47.606034] cloud-init[606]: Failed to stop amazon-ssm-agent.service: Unit amazon-ssm-agent.service not loaded.
[   47.844050] cloud-init[606]: Unpacking amazon-ssm-agent (3.3.3572.0-1) ...
[   48.682830] cloud-init[606]: Setting up amazon-ssm-agent (3.3.3572.0-1) ...
[   48.707348] cloud-init[606]: Starting agent
[   48.717757] cloud-init[606]: Created symlink '/etc/systemd/system/multi-user.target.wants/amazon-ssm-agent.service' â '/usr/lib/systemd/system/amazon-ssm-agent.service'.
[[0;32m  OK  [0m] Started [0;1;39mamazon-ssm-agent.service[0m - amazon-ssm-agent.

[   49.219340] cloud-init[606]: apt show amazon-ssm-agent
[   49.228095] cloud-init[606]: WARNING: apt does not have a stable CLI interface. Use with caution in scripts.
[   49.615582] cloud-init[606]: Package: amazon-ssm-agent
[   49.615745] cloud-init[606]: Version: 3.3.3572.0-1
[   49.615950] cloud-init[606]: Status: install ok installed
[   49.616379] cloud-init[606]: Priority: optional
[   49.616589] cloud-init[606]: Section: admin
[   49.616799] cloud-init[606]: Maintainer: Amazon.com, Inc. <ec2-ssm-feedback@amazon.com>
[   49.617014] cloud-init[606]: Installed-Size: unknown
[   49.617228] cloud-init[606]: Depends: libc6
[   49.617439] cloud-init[606]: Suggests: aws-ssm-agent-doc
[   49.617655] cloud-init[606]: Copyright: Apache License, Version 2.0
[   49.617864] cloud-init[606]: Download-Size: unknown
[   49.618081] cloud-init[606]: APT-Manual-Installed: yes
[   49.618295] cloud-init[606]: APT-Sources: /var/lib/dpkg/status
[   49.618510] cloud-init[606]: Description: Amazon SSM Agent for managing EC2 Instances using the SSM APIs.
[   49.618722] cloud-init[606]:  Please visit the AWS Developer Tools page for additional information.
[   49.630740] cloud-init[606]: systemctl daemon-reload
[   49.915765] cloud-init[606]: systemctl restart amazon-ssm-agent
         Stopping [0;1;39mamazon-ssm-agent.service[0m - amazon-ssm-agent...

2026/01/04 14:06:20Z: Amazon SSM Agent v3.3.3572.0 is running
2026/01/04 14:06:20Z: OsProductName: Debian GNU/Linux
2026/01/04 14:06:20Z: OsVersion: 13